// ----------------------------------------------------------------------------
// LegUp High-Level Synthesis Tool Version 7.0 (http://legupcomputing.com)
// Copyright (c) 2015-2019 LegUp Computing Inc. All Rights Reserved.
// For technical issues, please contact: support@legupcomputing.com
// For general inquiries, please contact: info@legupcomputing.com
// Date: Mon May  6 09:14:11 2019
// ----------------------------------------------------------------------------
Target FPGA: INTEL CycloneIV
Clock period constraint: 1.500000e+01ns
Start Function: main
state: LEGUP_0, basic block: LEGUP_0
   Transition: if (start): LEGUP_F_main_BB_entry_1 default: LEGUP_0
state: LEGUP_F_main_BB_entry_1, basic block: BB_entry
   %DCT1 = alloca [7 x i32], align 4, !MSB !129, !LSB !130, !extendFrom !129 (endState: LEGUP_F_main_BB_entry_1)
   %DCT2 = alloca [7 x i32], align 4, !MSB !129, !LSB !130, !extendFrom !129 (endState: LEGUP_F_main_BB_entry_1)
   %DCT3 = alloca [7 x i32], align 4, !MSB !129, !LSB !130, !extendFrom !129 (endState: LEGUP_F_main_BB_entry_1)
   %DCT4 = alloca [7 x i32], align 4, !MSB !129, !LSB !130, !extendFrom !129 (endState: LEGUP_F_main_BB_entry_1)
   %DCT5 = alloca [7 x i32], align 4, !MSB !129, !LSB !130, !extendFrom !129 (endState: LEGUP_F_main_BB_entry_1)
   %DCT6 = alloca [7 x i32], align 4, !MSB !129, !LSB !130, !extendFrom !129 (endState: LEGUP_F_main_BB_entry_1)
   %DCT7 = alloca [7 x i32], align 4, !MSB !129, !LSB !130, !extendFrom !129 (endState: LEGUP_F_main_BB_entry_1)
   %DCT8 = alloca [7 x i32], align 4, !MSB !129, !LSB !130, !extendFrom !129 (endState: LEGUP_F_main_BB_entry_1)
   %0 = getelementptr inbounds [7 x i32]* %DCT2, i32 0, i32 4, !MSB !129, !LSB !130, !extendFrom !129 (endState: LEGUP_F_main_BB_entry_1)
   %1 = getelementptr inbounds [7 x i32]* %DCT4, i32 0, i32 6, !MSB !129, !LSB !130, !extendFrom !129 (endState: LEGUP_F_main_BB_entry_1)
   %2 = getelementptr inbounds [7 x i32]* %DCT6, i32 0, i32 1, !MSB !129, !LSB !130, !extendFrom !129 (endState: LEGUP_F_main_BB_entry_1)
   br label %for.body.i, !dbg !131, !MSB !129, !LSB !130, !extendFrom !129
   Transition: default: LEGUP_pipeline_wait_loop_2
state: LEGUP_pipeline_wait_loop_2, basic block: BB_for_body_i, pipeline type: loop, pipeline ID: main_for_body_i
   %k.0404.i = phi i32 [ 0, %entry ], [ %3, %for.body.i ], !dbg !134, !legup.canonical_induction !135, !legup.pipeline.start_time !130, !legup.pipeline.avail_time !130, !legup.pipeline.stage !130, !MSB !136, !LSB !130, !extendFrom !136 (endState: LEGUP_pipeline_wait_loop_2)
   br i1 %exitcond17, label %for.cond2.preheader.preheader, label %for.body.i, !dbg !131, !legup.II !135, !legup.totalTime !135, !legup.maxStage !130, !legup.tripCount !145, !legup.pipeline.start_time !130, !legup.pipeline.avail_time !130, !legup.pipeline.stage !130, !legup.loop_pipelined !135, !legup.label !146, !MSB !129, !LSB !130, !extendFrom !129
   Transition: if (loop_pipeline_finish): LEGUP_F_main_BB_for_cond2_preheader_preheader_3 default: LEGUP_pipeline_wait_loop_2
state: LEGUP_F_main_BB_for_cond2_preheader_preheader_3, basic block: BB_for_cond2_preheader_preheader
   %4 = getelementptr inbounds [7 x i32]* %DCT1, i32 0, i32 0, !MSB !129, !LSB !130, !extendFrom !129 (endState: LEGUP_F_main_BB_for_cond2_preheader_preheader_3)
   %5 = getelementptr inbounds [7 x i32]* %DCT3, i32 0, i32 2, !MSB !129, !LSB !130, !extendFrom !129 (endState: LEGUP_F_main_BB_for_cond2_preheader_preheader_3)
   %6 = getelementptr inbounds [7 x i32]* %DCT5, i32 0, i32 5, !MSB !129, !LSB !130, !extendFrom !129 (endState: LEGUP_F_main_BB_for_cond2_preheader_preheader_3)
   %7 = getelementptr inbounds [7 x i32]* %DCT7, i32 0, i32 3, !MSB !129, !LSB !130, !extendFrom !129 (endState: LEGUP_F_main_BB_for_cond2_preheader_preheader_3)
   %8 = getelementptr inbounds [7 x i32]* %DCT1, i32 0, i32 5, !MSB !129, !LSB !130, !extendFrom !129 (endState: LEGUP_F_main_BB_for_cond2_preheader_preheader_3)
   %9 = getelementptr inbounds [7 x i32]* %DCT2, i32 0, i32 1, !MSB !129, !LSB !130, !extendFrom !129 (endState: LEGUP_F_main_BB_for_cond2_preheader_preheader_3)
   %10 = getelementptr inbounds [7 x i32]* %DCT3, i32 0, i32 3, !MSB !129, !LSB !130, !extendFrom !129 (endState: LEGUP_F_main_BB_for_cond2_preheader_preheader_3)
   %11 = getelementptr inbounds [7 x i32]* %DCT5, i32 0, i32 0, !MSB !129, !LSB !130, !extendFrom !129 (endState: LEGUP_F_main_BB_for_cond2_preheader_preheader_3)
   %12 = getelementptr inbounds [7 x i32]* %DCT6, i32 0, i32 4, !MSB !129, !LSB !130, !extendFrom !129 (endState: LEGUP_F_main_BB_for_cond2_preheader_preheader_3)
   %13 = getelementptr inbounds [7 x i32]* %DCT7, i32 0, i32 2, !MSB !129, !LSB !130, !extendFrom !129 (endState: LEGUP_F_main_BB_for_cond2_preheader_preheader_3)
   %14 = getelementptr inbounds [7 x i32]* %DCT8, i32 0, i32 6, !MSB !129, !LSB !130, !extendFrom !129 (endState: LEGUP_F_main_BB_for_cond2_preheader_preheader_3)
   %15 = getelementptr inbounds [7 x i32]* %DCT1, i32 0, i32 2, !MSB !129, !LSB !130, !extendFrom !129 (endState: LEGUP_F_main_BB_for_cond2_preheader_preheader_3)
   %16 = getelementptr inbounds [7 x i32]* %DCT1, i32 0, i32 3, !MSB !129, !LSB !130, !extendFrom !129 (endState: LEGUP_F_main_BB_for_cond2_preheader_preheader_3)
   %17 = getelementptr inbounds [7 x i32]* %DCT2, i32 0, i32 6, !MSB !129, !LSB !130, !extendFrom !129 (endState: LEGUP_F_main_BB_for_cond2_preheader_preheader_3)
   %18 = getelementptr inbounds [7 x i32]* %DCT3, i32 0, i32 0, !MSB !129, !LSB !130, !extendFrom !129 (endState: LEGUP_F_main_BB_for_cond2_preheader_preheader_3)
   %19 = getelementptr inbounds [7 x i32]* %DCT3, i32 0, i32 5, !MSB !129, !LSB !130, !extendFrom !129 (endState: LEGUP_F_main_BB_for_cond2_preheader_preheader_3)
   %20 = getelementptr inbounds [7 x i32]* %DCT4, i32 0, i32 4, !MSB !129, !LSB !130, !extendFrom !129 (endState: LEGUP_F_main_BB_for_cond2_preheader_preheader_3)
   %21 = getelementptr inbounds [7 x i32]* %DCT4, i32 0, i32 1, !MSB !129, !LSB !130, !extendFrom !129 (endState: LEGUP_F_main_BB_for_cond2_preheader_preheader_3)
   %22 = getelementptr inbounds [7 x i32]* %DCT5, i32 0, i32 2, !MSB !129, !LSB !130, !extendFrom !129 (endState: LEGUP_F_main_BB_for_cond2_preheader_preheader_3)
   %23 = getelementptr inbounds [7 x i32]* %DCT5, i32 0, i32 3, !MSB !129, !LSB !130, !extendFrom !129 (endState: LEGUP_F_main_BB_for_cond2_preheader_preheader_3)
   %24 = getelementptr inbounds [7 x i32]* %DCT6, i32 0, i32 6, !MSB !129, !LSB !130, !extendFrom !129 (endState: LEGUP_F_main_BB_for_cond2_preheader_preheader_3)
   %25 = getelementptr inbounds [7 x i32]* %DCT7, i32 0, i32 0, !MSB !129, !LSB !130, !extendFrom !129 (endState: LEGUP_F_main_BB_for_cond2_preheader_preheader_3)
   %26 = getelementptr inbounds [7 x i32]* %DCT7, i32 0, i32 5, !MSB !129, !LSB !130, !extendFrom !129 (endState: LEGUP_F_main_BB_for_cond2_preheader_preheader_3)
   %27 = getelementptr inbounds [7 x i32]* %DCT8, i32 0, i32 4, !MSB !129, !LSB !130, !extendFrom !129 (endState: LEGUP_F_main_BB_for_cond2_preheader_preheader_3)
   %28 = getelementptr inbounds [7 x i32]* %DCT8, i32 0, i32 1, !MSB !129, !LSB !130, !extendFrom !129 (endState: LEGUP_F_main_BB_for_cond2_preheader_preheader_3)
   %29 = getelementptr inbounds [7 x i32]* %DCT1, i32 0, i32 4, !MSB !129, !LSB !130, !extendFrom !129 (endState: LEGUP_F_main_BB_for_cond2_preheader_preheader_3)
   %30 = getelementptr inbounds [7 x i32]* %DCT1, i32 0, i32 6, !MSB !129, !LSB !130, !extendFrom !129 (endState: LEGUP_F_main_BB_for_cond2_preheader_preheader_3)
   %31 = getelementptr inbounds [7 x i32]* %DCT1, i32 0, i32 1, !MSB !129, !LSB !130, !extendFrom !129 (endState: LEGUP_F_main_BB_for_cond2_preheader_preheader_3)
   %32 = getelementptr inbounds [7 x i32]* %DCT2, i32 0, i32 0, !MSB !129, !LSB !130, !extendFrom !129 (endState: LEGUP_F_main_BB_for_cond2_preheader_preheader_3)
   %33 = getelementptr inbounds [7 x i32]* %DCT2, i32 0, i32 2, !MSB !129, !LSB !130, !extendFrom !129 (endState: LEGUP_F_main_BB_for_cond2_preheader_preheader_3)
   %34 = getelementptr inbounds [7 x i32]* %DCT2, i32 0, i32 5, !MSB !129, !LSB !130, !extendFrom !129 (endState: LEGUP_F_main_BB_for_cond2_preheader_preheader_3)
   %35 = getelementptr inbounds [7 x i32]* %DCT2, i32 0, i32 3, !MSB !129, !LSB !130, !extendFrom !129 (endState: LEGUP_F_main_BB_for_cond2_preheader_preheader_3)
   %36 = getelementptr inbounds [7 x i32]* %DCT3, i32 0, i32 4, !MSB !129, !LSB !130, !extendFrom !129 (endState: LEGUP_F_main_BB_for_cond2_preheader_preheader_3)
   %37 = getelementptr inbounds [7 x i32]* %DCT3, i32 0, i32 6, !MSB !129, !LSB !130, !extendFrom !129 (endState: LEGUP_F_main_BB_for_cond2_preheader_preheader_3)
   %38 = getelementptr inbounds [7 x i32]* %DCT3, i32 0, i32 1, !MSB !129, !LSB !130, !extendFrom !129 (endState: LEGUP_F_main_BB_for_cond2_preheader_preheader_3)
   %39 = getelementptr inbounds [7 x i32]* %DCT4, i32 0, i32 0, !MSB !129, !LSB !130, !extendFrom !129 (endState: LEGUP_F_main_BB_for_cond2_preheader_preheader_3)
   %40 = getelementptr inbounds [7 x i32]* %DCT4, i32 0, i32 2, !MSB !129, !LSB !130, !extendFrom !129 (endState: LEGUP_F_main_BB_for_cond2_preheader_preheader_3)
   %41 = getelementptr inbounds [7 x i32]* %DCT4, i32 0, i32 5, !MSB !129, !LSB !130, !extendFrom !129 (endState: LEGUP_F_main_BB_for_cond2_preheader_preheader_3)
   %42 = getelementptr inbounds [7 x i32]* %DCT4, i32 0, i32 3, !MSB !129, !LSB !130, !extendFrom !129 (endState: LEGUP_F_main_BB_for_cond2_preheader_preheader_3)
   %43 = getelementptr inbounds [7 x i32]* %DCT5, i32 0, i32 4, !MSB !129, !LSB !130, !extendFrom !129 (endState: LEGUP_F_main_BB_for_cond2_preheader_preheader_3)
   %44 = getelementptr inbounds [7 x i32]* %DCT5, i32 0, i32 6, !MSB !129, !LSB !130, !extendFrom !129 (endState: LEGUP_F_main_BB_for_cond2_preheader_preheader_3)
   %45 = getelementptr inbounds [7 x i32]* %DCT5, i32 0, i32 1, !MSB !129, !LSB !130, !extendFrom !129 (endState: LEGUP_F_main_BB_for_cond2_preheader_preheader_3)
   %46 = getelementptr inbounds [7 x i32]* %DCT6, i32 0, i32 0, !MSB !129, !LSB !130, !extendFrom !129 (endState: LEGUP_F_main_BB_for_cond2_preheader_preheader_3)
   %47 = getelementptr inbounds [7 x i32]* %DCT6, i32 0, i32 2, !MSB !129, !LSB !130, !extendFrom !129 (endState: LEGUP_F_main_BB_for_cond2_preheader_preheader_3)
   %48 = getelementptr inbounds [7 x i32]* %DCT6, i32 0, i32 5, !MSB !129, !LSB !130, !extendFrom !129 (endState: LEGUP_F_main_BB_for_cond2_preheader_preheader_3)
   %49 = getelementptr inbounds [7 x i32]* %DCT6, i32 0, i32 3, !MSB !129, !LSB !130, !extendFrom !129 (endState: LEGUP_F_main_BB_for_cond2_preheader_preheader_3)
   %50 = getelementptr inbounds [7 x i32]* %DCT7, i32 0, i32 4, !MSB !129, !LSB !130, !extendFrom !129 (endState: LEGUP_F_main_BB_for_cond2_preheader_preheader_3)
   %51 = getelementptr inbounds [7 x i32]* %DCT7, i32 0, i32 6, !MSB !129, !LSB !130, !extendFrom !129 (endState: LEGUP_F_main_BB_for_cond2_preheader_preheader_3)
   %52 = getelementptr inbounds [7 x i32]* %DCT7, i32 0, i32 1, !MSB !129, !LSB !130, !extendFrom !129 (endState: LEGUP_F_main_BB_for_cond2_preheader_preheader_3)
   %53 = getelementptr inbounds [7 x i32]* %DCT8, i32 0, i32 0, !MSB !129, !LSB !130, !extendFrom !129 (endState: LEGUP_F_main_BB_for_cond2_preheader_preheader_3)
   %54 = getelementptr inbounds [7 x i32]* %DCT8, i32 0, i32 2, !MSB !129, !LSB !130, !extendFrom !129 (endState: LEGUP_F_main_BB_for_cond2_preheader_preheader_3)
   %55 = getelementptr inbounds [7 x i32]* %DCT8, i32 0, i32 5, !MSB !129, !LSB !130, !extendFrom !129 (endState: LEGUP_F_main_BB_for_cond2_preheader_preheader_3)
   %56 = getelementptr inbounds [7 x i32]* %DCT8, i32 0, i32 3, !MSB !129, !LSB !130, !extendFrom !129 (endState: LEGUP_F_main_BB_for_cond2_preheader_preheader_3)
   store i32 27, i32* %16, align 4, !dbg !147, !tbaa !148, !MSB !129, !LSB !130, !extendFrom !129 (endState: LEGUP_F_main_BB_for_cond2_preheader_preheader_4)
   store i32 5, i32* %31, align 4, !dbg !152, !tbaa !148, !MSB !129, !LSB !130, !extendFrom !129 (endState: LEGUP_F_main_BB_for_cond2_preheader_preheader_4)
   store i32 -5, i32* %35, align 4, !dbg !147, !tbaa !148, !MSB !129, !LSB !130, !extendFrom !129 (endState: LEGUP_F_main_BB_for_cond2_preheader_preheader_4)
   store i32 11, i32* %9, align 4, !dbg !152, !tbaa !148, !MSB !129, !LSB !130, !extendFrom !129 (endState: LEGUP_F_main_BB_for_cond2_preheader_preheader_4)
   store i32 -9, i32* %10, align 4, !dbg !147, !tbaa !148, !MSB !129, !LSB !130, !extendFrom !129 (endState: LEGUP_F_main_BB_for_cond2_preheader_preheader_4)
   store i32 -5, i32* %38, align 4, !dbg !152, !tbaa !148, !MSB !129, !LSB !130, !extendFrom !129 (endState: LEGUP_F_main_BB_for_cond2_preheader_preheader_4)
   store i32 -3, i32* %42, align 4, !dbg !147, !tbaa !148, !MSB !129, !LSB !130, !extendFrom !129 (endState: LEGUP_F_main_BB_for_cond2_preheader_preheader_4)
   store i32 4, i32* %21, align 4, !dbg !152, !tbaa !148, !MSB !129, !LSB !130, !extendFrom !129 (endState: LEGUP_F_main_BB_for_cond2_preheader_preheader_4)
   store i32 -7, i32* %23, align 4, !dbg !147, !tbaa !148, !MSB !129, !LSB !130, !extendFrom !129 (endState: LEGUP_F_main_BB_for_cond2_preheader_preheader_4)
   store i32 0, i32* %45, align 4, !dbg !152, !tbaa !148, !MSB !129, !LSB !130, !extendFrom !129 (endState: LEGUP_F_main_BB_for_cond2_preheader_preheader_4)
   store i32 11, i32* %49, align 4, !dbg !147, !tbaa !148, !MSB !129, !LSB !130, !extendFrom !129 (endState: LEGUP_F_main_BB_for_cond2_preheader_preheader_4)
   store i32 -16, i32* %2, align 4, !dbg !152, !tbaa !148, !MSB !129, !LSB !130, !extendFrom !129 (endState: LEGUP_F_main_BB_for_cond2_preheader_preheader_4)
   store i32 0, i32* %7, align 4, !dbg !147, !tbaa !148, !MSB !129, !LSB !130, !extendFrom !129 (endState: LEGUP_F_main_BB_for_cond2_preheader_preheader_4)
   store i32 -3, i32* %52, align 4, !dbg !152, !tbaa !148, !MSB !129, !LSB !130, !extendFrom !129 (endState: LEGUP_F_main_BB_for_cond2_preheader_preheader_4)
   store i32 -2, i32* %56, align 4, !dbg !147, !tbaa !148, !MSB !129, !LSB !130, !extendFrom !129 (endState: LEGUP_F_main_BB_for_cond2_preheader_preheader_4)
   store i32 3, i32* %28, align 4, !dbg !152, !tbaa !148, !MSB !129, !LSB !130, !extendFrom !129 (endState: LEGUP_F_main_BB_for_cond2_preheader_preheader_4)
   Transition: default: LEGUP_F_main_BB_for_cond2_preheader_preheader_4
state: LEGUP_F_main_BB_for_cond2_preheader_preheader_4, basic block: BB_for_cond2_preheader_preheader
   store i32 -9, i32* %8, align 4, !dbg !153, !tbaa !148, !MSB !129, !LSB !130, !extendFrom !129 (endState: LEGUP_F_main_BB_for_cond2_preheader_preheader_5)
   store i32 20, i32* %30, align 4, !dbg !154, !tbaa !148, !MSB !129, !LSB !130, !extendFrom !129 (endState: LEGUP_F_main_BB_for_cond2_preheader_preheader_5)
   store i32 10, i32* %34, align 4, !dbg !153, !tbaa !148, !MSB !129, !LSB !130, !extendFrom !129 (endState: LEGUP_F_main_BB_for_cond2_preheader_preheader_5)
   store i32 -5, i32* %17, align 4, !dbg !154, !tbaa !148, !MSB !129, !LSB !130, !extendFrom !129 (endState: LEGUP_F_main_BB_for_cond2_preheader_preheader_5)
   store i32 -9, i32* %19, align 4, !dbg !153, !tbaa !148, !MSB !129, !LSB !130, !extendFrom !129 (endState: LEGUP_F_main_BB_for_cond2_preheader_preheader_5)
   store i32 1, i32* %37, align 4, !dbg !154, !tbaa !148, !MSB !129, !LSB !130, !extendFrom !129 (endState: LEGUP_F_main_BB_for_cond2_preheader_preheader_5)
   store i32 -1, i32* %41, align 4, !dbg !153, !tbaa !148, !MSB !129, !LSB !130, !extendFrom !129 (endState: LEGUP_F_main_BB_for_cond2_preheader_preheader_5)
   store i32 -7, i32* %1, align 4, !dbg !154, !tbaa !148, !MSB !129, !LSB !130, !extendFrom !129 (endState: LEGUP_F_main_BB_for_cond2_preheader_preheader_5)
   store i32 13, i32* %6, align 4, !dbg !153, !tbaa !148, !MSB !129, !LSB !130, !extendFrom !129 (endState: LEGUP_F_main_BB_for_cond2_preheader_preheader_5)
   store i32 -14, i32* %44, align 4, !dbg !154, !tbaa !148, !MSB !129, !LSB !130, !extendFrom !129 (endState: LEGUP_F_main_BB_for_cond2_preheader_preheader_5)
   store i32 1, i32* %48, align 4, !dbg !153, !tbaa !148, !MSB !129, !LSB !130, !extendFrom !129 (endState: LEGUP_F_main_BB_for_cond2_preheader_preheader_5)
   store i32 7, i32* %24, align 4, !dbg !154, !tbaa !148, !MSB !129, !LSB !130, !extendFrom !129 (endState: LEGUP_F_main_BB_for_cond2_preheader_preheader_5)
   store i32 0, i32* %26, align 4, !dbg !153, !tbaa !148, !MSB !129, !LSB !130, !extendFrom !129 (endState: LEGUP_F_main_BB_for_cond2_preheader_preheader_5)
   store i32 2, i32* %51, align 4, !dbg !154, !tbaa !148, !MSB !129, !LSB !130, !extendFrom !129 (endState: LEGUP_F_main_BB_for_cond2_preheader_preheader_5)
   store i32 4, i32* %55, align 4, !dbg !153, !tbaa !148, !MSB !129, !LSB !130, !extendFrom !129 (endState: LEGUP_F_main_BB_for_cond2_preheader_preheader_5)
   store i32 0, i32* %14, align 4, !dbg !154, !tbaa !148, !MSB !129, !LSB !130, !extendFrom !129 (endState: LEGUP_F_main_BB_for_cond2_preheader_preheader_5)
   Transition: default: LEGUP_F_main_BB_for_cond2_preheader_preheader_5
state: LEGUP_F_main_BB_for_cond2_preheader_preheader_5, basic block: BB_for_cond2_preheader_preheader
   store i32 -8, i32* %15, align 4, !dbg !155, !tbaa !148, !MSB !129, !LSB !130, !extendFrom !129 (endState: LEGUP_F_main_BB_for_cond2_preheader_preheader_6)
   store i32 -12, i32* %29, align 4, !dbg !156, !tbaa !148, !MSB !129, !LSB !130, !extendFrom !129 (endState: LEGUP_F_main_BB_for_cond2_preheader_preheader_6)
   store i32 -8, i32* %33, align 4, !dbg !155, !tbaa !148, !MSB !129, !LSB !130, !extendFrom !129 (endState: LEGUP_F_main_BB_for_cond2_preheader_preheader_6)
   store i32 6, i32* %0, align 4, !dbg !156, !tbaa !148, !MSB !129, !LSB !130, !extendFrom !129 (endState: LEGUP_F_main_BB_for_cond2_preheader_preheader_6)
   store i32 4, i32* %5, align 4, !dbg !155, !tbaa !148, !MSB !129, !LSB !130, !extendFrom !129 (endState: LEGUP_F_main_BB_for_cond2_preheader_preheader_6)
   store i32 0, i32* %36, align 4, !dbg !156, !tbaa !148, !MSB !129, !LSB !130, !extendFrom !129 (endState: LEGUP_F_main_BB_for_cond2_preheader_preheader_6)
   store i32 -13, i32* %40, align 4, !dbg !155, !tbaa !148, !MSB !129, !LSB !130, !extendFrom !129 (endState: LEGUP_F_main_BB_for_cond2_preheader_preheader_6)
   store i32 -6, i32* %20, align 4, !dbg !156, !tbaa !148, !MSB !129, !LSB !130, !extendFrom !129 (endState: LEGUP_F_main_BB_for_cond2_preheader_preheader_6)
   store i32 1, i32* %22, align 4, !dbg !155, !tbaa !148, !MSB !129, !LSB !130, !extendFrom !129 (endState: LEGUP_F_main_BB_for_cond2_preheader_preheader_6)
   store i32 14, i32* %43, align 4, !dbg !156, !tbaa !148, !MSB !129, !LSB !130, !extendFrom !129 (endState: LEGUP_F_main_BB_for_cond2_preheader_preheader_6)
   store i32 8, i32* %47, align 4, !dbg !155, !tbaa !148, !MSB !129, !LSB !130, !extendFrom !129 (endState: LEGUP_F_main_BB_for_cond2_preheader_preheader_6)
   store i32 -6, i32* %12, align 4, !dbg !156, !tbaa !148, !MSB !129, !LSB !130, !extendFrom !129 (endState: LEGUP_F_main_BB_for_cond2_preheader_preheader_6)
   store i32 2, i32* %13, align 4, !dbg !155, !tbaa !148, !MSB !129, !LSB !130, !extendFrom !129 (endState: LEGUP_F_main_BB_for_cond2_preheader_preheader_6)
   store i32 -6, i32* %50, align 4, !dbg !156, !tbaa !148, !MSB !129, !LSB !130, !extendFrom !129 (endState: LEGUP_F_main_BB_for_cond2_preheader_preheader_6)
   store i32 -1, i32* %54, align 4, !dbg !155, !tbaa !148, !MSB !129, !LSB !130, !extendFrom !129 (endState: LEGUP_F_main_BB_for_cond2_preheader_preheader_6)
   store i32 -3, i32* %27, align 4, !dbg !156, !tbaa !148, !MSB !129, !LSB !130, !extendFrom !129 (endState: LEGUP_F_main_BB_for_cond2_preheader_preheader_6)
   Transition: default: LEGUP_F_main_BB_for_cond2_preheader_preheader_6
state: LEGUP_F_main_BB_for_cond2_preheader_preheader_6, basic block: BB_for_cond2_preheader_preheader
   store i32 -24, i32* %4, align 4, !dbg !157, !tbaa !148, !MSB !129, !LSB !130, !extendFrom !129 (endState: LEGUP_F_main_BB_for_cond2_preheader_preheader_7)
   store i32 -42, i32* %32, align 4, !dbg !157, !tbaa !148, !MSB !129, !LSB !130, !extendFrom !129 (endState: LEGUP_F_main_BB_for_cond2_preheader_preheader_7)
   store i32 -22, i32* %18, align 4, !dbg !157, !tbaa !148, !MSB !129, !LSB !130, !extendFrom !129 (endState: LEGUP_F_main_BB_for_cond2_preheader_preheader_7)
   store i32 -12, i32* %39, align 4, !dbg !157, !tbaa !148, !MSB !129, !LSB !130, !extendFrom !129 (endState: LEGUP_F_main_BB_for_cond2_preheader_preheader_7)
   store i32 3, i32* %11, align 4, !dbg !157, !tbaa !148, !MSB !129, !LSB !130, !extendFrom !129 (endState: LEGUP_F_main_BB_for_cond2_preheader_preheader_7)
   store i32 -7, i32* %46, align 4, !dbg !157, !tbaa !148, !MSB !129, !LSB !130, !extendFrom !129 (endState: LEGUP_F_main_BB_for_cond2_preheader_preheader_7)
   store i32 -2, i32* %25, align 4, !dbg !157, !tbaa !148, !MSB !129, !LSB !130, !extendFrom !129 (endState: LEGUP_F_main_BB_for_cond2_preheader_preheader_7)
   store i32 9, i32* %53, align 4, !dbg !157, !tbaa !148, !MSB !129, !LSB !130, !extendFrom !129 (endState: LEGUP_F_main_BB_for_cond2_preheader_preheader_7)
   Transition: default: LEGUP_F_main_BB_for_cond2_preheader_preheader_7
state: LEGUP_F_main_BB_for_cond2_preheader_preheader_7, basic block: BB_for_cond2_preheader_preheader
   br label %for.cond2.preheader, !dbg !158, !MSB !129, !LSB !130, !extendFrom !129
   Transition: default: LEGUP_F_main_BB_for_cond2_preheader_8
state: LEGUP_F_main_BB_for_cond2_preheader_8, basic block: BB_for_cond2_preheader
   %57 = phi i32 [ %.pre7, %for.cond2.preheader.for.cond2.preheader_crit_edge ], [ -3, %for.cond2.preheader.preheader ], !MSB !160, !LSB !130, !extendFrom !160 (endState: LEGUP_F_main_BB_for_cond2_preheader_8)
   %58 = phi i32 [ %.pre6, %for.cond2.preheader.for.cond2.preheader_crit_edge ], [ 10, %for.cond2.preheader.preheader ], !MSB !160, !LSB !130, !extendFrom !160 (endState: LEGUP_F_main_BB_for_cond2_preheader_8)
   %59 = phi i32 [ %.pre5, %for.cond2.preheader.for.cond2.preheader_crit_edge ], [ 12, %for.cond2.preheader.preheader ], !MSB !160, !LSB !130, !extendFrom !160 (endState: LEGUP_F_main_BB_for_cond2_preheader_8)
   %60 = phi i32 [ %.pre4, %for.cond2.preheader.for.cond2.preheader_crit_edge ], [ 8, %for.cond2.preheader.preheader ], !MSB !160, !LSB !130, !extendFrom !160 (endState: LEGUP_F_main_BB_for_cond2_preheader_8)
   %61 = phi i32 [ %.pre3, %for.cond2.preheader.for.cond2.preheader_crit_edge ], [ 5, %for.cond2.preheader.preheader ], !MSB !160, !LSB !130, !extendFrom !160 (endState: LEGUP_F_main_BB_for_cond2_preheader_8)
   %62 = phi i32 [ %.pre2, %for.cond2.preheader.for.cond2.preheader_crit_edge ], [ 2, %for.cond2.preheader.preheader ], !MSB !160, !LSB !130, !extendFrom !160 (endState: LEGUP_F_main_BB_for_cond2_preheader_8)
   %63 = phi i32 [ %.pre1, %for.cond2.preheader.for.cond2.preheader_crit_edge ], [ 36, %for.cond2.preheader.preheader ], !MSB !160, !LSB !130, !extendFrom !160 (endState: LEGUP_F_main_BB_for_cond2_preheader_8)
   %64 = phi i32 [ %.pre, %for.cond2.preheader.for.cond2.preheader_crit_edge ], [ 197, %for.cond2.preheader.preheader ], !MSB !160, !LSB !130, !extendFrom !160 (endState: LEGUP_F_main_BB_for_cond2_preheader_8)
   %65 = phi i32 [ %66, %for.cond2.preheader.for.cond2.preheader_crit_edge ], [ 0, %for.cond2.preheader.preheader ], !dbg !161, !MSB !164, !LSB !130, !extendFrom !164 (endState: LEGUP_F_main_BB_for_cond2_preheader_8)
   %call = tail call i32 (i8*, ...)* @printf(i8* getelementptr inbounds ([4 x i8]* @.str3, i32 0, i32 0), i32 %64) #2, !dbg !158, !MSB !160, !LSB !130, !extendFrom !160 (endState: LEGUP_F_main_BB_for_cond2_preheader_8)
   %call.1 = tail call i32 (i8*, ...)* @printf(i8* getelementptr inbounds ([4 x i8]* @.str3, i32 0, i32 0), i32 %63) #2, !dbg !158, !MSB !160, !LSB !130, !extendFrom !160 (endState: LEGUP_F_main_BB_for_cond2_preheader_8)
   %call.2 = tail call i32 (i8*, ...)* @printf(i8* getelementptr inbounds ([4 x i8]* @.str3, i32 0, i32 0), i32 %62) #2, !dbg !158, !MSB !160, !LSB !130, !extendFrom !160 (endState: LEGUP_F_main_BB_for_cond2_preheader_8)
   %call.3 = tail call i32 (i8*, ...)* @printf(i8* getelementptr inbounds ([4 x i8]* @.str3, i32 0, i32 0), i32 %61) #2, !dbg !158, !MSB !160, !LSB !130, !extendFrom !160 (endState: LEGUP_F_main_BB_for_cond2_preheader_8)
   %call.4 = tail call i32 (i8*, ...)* @printf(i8* getelementptr inbounds ([4 x i8]* @.str3, i32 0, i32 0), i32 %60) #2, !dbg !158, !MSB !160, !LSB !130, !extendFrom !160 (endState: LEGUP_F_main_BB_for_cond2_preheader_8)
   %call.5 = tail call i32 (i8*, ...)* @printf(i8* getelementptr inbounds ([4 x i8]* @.str3, i32 0, i32 0), i32 %59) #2, !dbg !158, !MSB !160, !LSB !130, !extendFrom !160 (endState: LEGUP_F_main_BB_for_cond2_preheader_8)
   %call.6 = tail call i32 (i8*, ...)* @printf(i8* getelementptr inbounds ([4 x i8]* @.str3, i32 0, i32 0), i32 %58) #2, !dbg !158, !MSB !160, !LSB !130, !extendFrom !160 (endState: LEGUP_F_main_BB_for_cond2_preheader_8)
   %call.7 = tail call i32 (i8*, ...)* @printf(i8* getelementptr inbounds ([4 x i8]* @.str3, i32 0, i32 0), i32 %57) #2, !dbg !158, !MSB !160, !LSB !130, !extendFrom !160 (endState: LEGUP_F_main_BB_for_cond2_preheader_8)
   %call6 = tail call i32 (i8*, ...)* @printf(i8* getelementptr inbounds ([2 x i8]* @.str4, i32 0, i32 0)) #2, !dbg !165, !MSB !160, !LSB !130, !extendFrom !160 (endState: LEGUP_F_main_BB_for_cond2_preheader_8)
   %exitcond1 = icmp eq i32 %65, 7, !dbg !161, !MSB !130, !LSB !130, !extendFrom !130 (endState: LEGUP_F_main_BB_for_cond2_preheader_8)
   br i1 %exitcond1, label %for.end9, label %for.cond2.preheader.for.cond2.preheader_crit_edge, !dbg !161, !MSB !129, !LSB !130, !extendFrom !129
   Transition: if (%exitcond1): LEGUP_F_main_BB_for_end9_11 default: LEGUP_F_main_BB_for_cond2_preheader_for_cond2_preheader_crit_edge_9
state: LEGUP_F_main_BB_for_cond2_preheader_for_cond2_preheader_crit_edge_9, basic block: BB_for_cond2_preheader_for_cond2_preheader_crit_edge
   %scevgep9 = getelementptr [7 x i32]* %DCT1, i32 0, i32 %65, !dbg !158, !MSB !129, !LSB !130, !extendFrom !129 (endState: LEGUP_F_main_BB_for_cond2_preheader_for_cond2_preheader_crit_edge_9)
   %scevgep8 = getelementptr [7 x i32]* %DCT2, i32 0, i32 %65, !dbg !158, !MSB !129, !LSB !130, !extendFrom !129 (endState: LEGUP_F_main_BB_for_cond2_preheader_for_cond2_preheader_crit_edge_9)
   %scevgep7 = getelementptr [7 x i32]* %DCT3, i32 0, i32 %65, !dbg !158, !MSB !129, !LSB !130, !extendFrom !129 (endState: LEGUP_F_main_BB_for_cond2_preheader_for_cond2_preheader_crit_edge_9)
   %scevgep6 = getelementptr [7 x i32]* %DCT4, i32 0, i32 %65, !dbg !158, !MSB !129, !LSB !130, !extendFrom !129 (endState: LEGUP_F_main_BB_for_cond2_preheader_for_cond2_preheader_crit_edge_9)
   %scevgep5 = getelementptr [7 x i32]* %DCT5, i32 0, i32 %65, !dbg !158, !MSB !129, !LSB !130, !extendFrom !129 (endState: LEGUP_F_main_BB_for_cond2_preheader_for_cond2_preheader_crit_edge_9)
   %scevgep4 = getelementptr [7 x i32]* %DCT6, i32 0, i32 %65, !dbg !158, !MSB !129, !LSB !130, !extendFrom !129 (endState: LEGUP_F_main_BB_for_cond2_preheader_for_cond2_preheader_crit_edge_9)
   %scevgep3 = getelementptr [7 x i32]* %DCT7, i32 0, i32 %65, !dbg !158, !MSB !129, !LSB !130, !extendFrom !129 (endState: LEGUP_F_main_BB_for_cond2_preheader_for_cond2_preheader_crit_edge_9)
   %scevgep = getelementptr [7 x i32]* %DCT8, i32 0, i32 %65, !dbg !158, !MSB !129, !LSB !130, !extendFrom !129 (endState: LEGUP_F_main_BB_for_cond2_preheader_for_cond2_preheader_crit_edge_9)
   %66 = add nsw i32 %65, 1, !dbg !166, !MSB !167, !LSB !130, !extendFrom !167 (endState: LEGUP_F_main_BB_for_cond2_preheader_for_cond2_preheader_crit_edge_9)
   %.pre = load i32* %scevgep9, align 4, !dbg !158, !tbaa !148, !MSB !160, !LSB !130, !extendFrom !160 (endState: LEGUP_F_main_BB_for_cond2_preheader_for_cond2_preheader_crit_edge_10)
   %.pre1 = load i32* %scevgep8, align 4, !dbg !158, !tbaa !148, !MSB !160, !LSB !130, !extendFrom !160 (endState: LEGUP_F_main_BB_for_cond2_preheader_for_cond2_preheader_crit_edge_10)
   %.pre2 = load i32* %scevgep7, align 4, !dbg !158, !tbaa !148, !MSB !160, !LSB !130, !extendFrom !160 (endState: LEGUP_F_main_BB_for_cond2_preheader_for_cond2_preheader_crit_edge_10)
   %.pre3 = load i32* %scevgep6, align 4, !dbg !158, !tbaa !148, !MSB !160, !LSB !130, !extendFrom !160 (endState: LEGUP_F_main_BB_for_cond2_preheader_for_cond2_preheader_crit_edge_10)
   %.pre4 = load i32* %scevgep5, align 4, !dbg !158, !tbaa !148, !MSB !160, !LSB !130, !extendFrom !160 (endState: LEGUP_F_main_BB_for_cond2_preheader_for_cond2_preheader_crit_edge_10)
   %.pre5 = load i32* %scevgep4, align 4, !dbg !158, !tbaa !148, !MSB !160, !LSB !130, !extendFrom !160 (endState: LEGUP_F_main_BB_for_cond2_preheader_for_cond2_preheader_crit_edge_10)
   %.pre6 = load i32* %scevgep3, align 4, !dbg !158, !tbaa !148, !MSB !160, !LSB !130, !extendFrom !160 (endState: LEGUP_F_main_BB_for_cond2_preheader_for_cond2_preheader_crit_edge_10)
   %.pre7 = load i32* %scevgep, align 4, !dbg !158, !tbaa !148, !MSB !160, !LSB !130, !extendFrom !160 (endState: LEGUP_F_main_BB_for_cond2_preheader_for_cond2_preheader_crit_edge_10)
   Transition: default: LEGUP_F_main_BB_for_cond2_preheader_for_cond2_preheader_crit_edge_10
state: LEGUP_F_main_BB_for_cond2_preheader_for_cond2_preheader_crit_edge_10, basic block: BB_for_cond2_preheader_for_cond2_preheader_crit_edge
   br label %for.cond2.preheader, !dbg !161, !MSB !129, !LSB !130, !extendFrom !129
   Transition: default: LEGUP_F_main_BB_for_cond2_preheader_8
state: LEGUP_F_main_BB_for_end9_11, basic block: BB_for_end9
   ret i32 0, !dbg !168, !MSB !129, !LSB !130, !extendFrom !129
   Transition: default: LEGUP_0

Basic Block: %entry Num States: 1
Basic Block: %for.body.i Num States: 1
Basic Block: %for.cond2.preheader.preheader Num States: 5
Basic Block: %for.cond2.preheader Num States: 1
Basic Block: %for.cond2.preheader.for.cond2.preheader_crit_edge Num States: 2
Basic Block: %for.end9 Num States: 1
End Function: main
--------------------------------------------------------------------------------

