Analysis & Synthesis report for top
Mon May 06 09:30:04 2019
Quartus Prime Version 18.1.0 Build 625 09/12/2018 SJ Lite Edition


---------------------
; Table of Contents ;
---------------------
  1. Legal Notice
  2. Analysis & Synthesis Summary
  3. Analysis & Synthesis Settings
  4. Parallel Compilation
  5. Analysis & Synthesis Source Files Read
  6. Analysis & Synthesis Resource Usage Summary
  7. Analysis & Synthesis Resource Utilization by Entity
  8. State Machine - |top|main:main_inst|cur_state
  9. Registers Removed During Synthesis
 10. General Register Statistics
 11. Multiplexer Restructuring Statistics (Restructuring Performed)
 12. Parameter Settings for User Entity Instance: main:main_inst
 13. Post-Synthesis Netlist Statistics for Top Partition
 14. Elapsed Time Per Partition
 15. Analysis & Synthesis Messages



----------------
; Legal Notice ;
----------------
Copyright (C) 2018  Intel Corporation. All rights reserved.
Your use of Intel Corporation's design tools, logic functions 
and other software and tools, and its AMPP partner logic 
functions, and any output files from any of the foregoing 
(including device programming or simulation files), and any 
associated documentation or information are expressly subject 
to the terms and conditions of the Intel Program License 
Subscription Agreement, the Intel Quartus Prime License Agreement,
the Intel FPGA IP License Agreement, or other applicable license
agreement, including, without limitation, that your use is for
the sole purpose of programming logic devices manufactured by
Intel and sold by Intel or its authorized distributors.  Please
refer to the applicable agreement for further details.



+----------------------------------------------------------------------------------+
; Analysis & Synthesis Summary                                                     ;
+------------------------------------+---------------------------------------------+
; Analysis & Synthesis Status        ; Successful - Mon May 06 09:30:04 2019       ;
; Quartus Prime Version              ; 18.1.0 Build 625 09/12/2018 SJ Lite Edition ;
; Revision Name                      ; top                                         ;
; Top-level Entity Name              ; top                                         ;
; Family                             ; Cyclone IV E                                ;
; Total logic elements               ; 56                                          ;
;     Total combinational functions  ; 56                                          ;
;     Dedicated logic registers      ; 40                                          ;
; Total registers                    ; 40                                          ;
; Total pins                         ; 0                                           ;
; Total virtual pins                 ; 36                                          ;
; Total memory bits                  ; 0                                           ;
; Embedded Multiplier 9-bit elements ; 0                                           ;
; Total PLLs                         ; 0                                           ;
+------------------------------------+---------------------------------------------+


+------------------------------------------------------------------------------------------------------------+
; Analysis & Synthesis Settings                                                                              ;
+------------------------------------------------------------------+--------------------+--------------------+
; Option                                                           ; Setting            ; Default Value      ;
+------------------------------------------------------------------+--------------------+--------------------+
; Device                                                           ; EP4CE115F29C8      ;                    ;
; Top-level entity name                                            ; top                ; top                ;
; Family name                                                      ; Cyclone IV E       ; Cyclone V          ;
; Use smart compilation                                            ; Off                ; Off                ;
; Enable parallel Assembler and Timing Analyzer during compilation ; On                 ; On                 ;
; Enable compact report table                                      ; Off                ; Off                ;
; Restructure Multiplexers                                         ; Auto               ; Auto               ;
; Create Debugging Nodes for IP Cores                              ; Off                ; Off                ;
; Preserve fewer node names                                        ; On                 ; On                 ;
; Intel FPGA IP Evaluation Mode                                    ; Enable             ; Enable             ;
; Verilog Version                                                  ; Verilog_2001       ; Verilog_2001       ;
; VHDL Version                                                     ; VHDL_1993          ; VHDL_1993          ;
; State Machine Processing                                         ; Auto               ; Auto               ;
; Safe State Machine                                               ; Off                ; Off                ;
; Extract Verilog State Machines                                   ; On                 ; On                 ;
; Extract VHDL State Machines                                      ; On                 ; On                 ;
; Ignore Verilog initial constructs                                ; Off                ; Off                ;
; Iteration limit for constant Verilog loops                       ; 5000               ; 5000               ;
; Iteration limit for non-constant Verilog loops                   ; 250                ; 250                ;
; Add Pass-Through Logic to Inferred RAMs                          ; On                 ; On                 ;
; Infer RAMs from Raw Logic                                        ; On                 ; On                 ;
; Parallel Synthesis                                               ; On                 ; On                 ;
; DSP Block Balancing                                              ; Auto               ; Auto               ;
; NOT Gate Push-Back                                               ; On                 ; On                 ;
; Power-Up Don't Care                                              ; On                 ; On                 ;
; Remove Redundant Logic Cells                                     ; Off                ; Off                ;
; Remove Duplicate Registers                                       ; On                 ; On                 ;
; Ignore CARRY Buffers                                             ; Off                ; Off                ;
; Ignore CASCADE Buffers                                           ; Off                ; Off                ;
; Ignore GLOBAL Buffers                                            ; Off                ; Off                ;
; Ignore ROW GLOBAL Buffers                                        ; Off                ; Off                ;
; Ignore LCELL Buffers                                             ; Off                ; Off                ;
; Ignore SOFT Buffers                                              ; On                 ; On                 ;
; Limit AHDL Integers to 32 Bits                                   ; Off                ; Off                ;
; Optimization Technique                                           ; Balanced           ; Balanced           ;
; Carry Chain Length                                               ; 70                 ; 70                 ;
; Auto Carry Chains                                                ; On                 ; On                 ;
; Auto Open-Drain Pins                                             ; On                 ; On                 ;
; Perform WYSIWYG Primitive Resynthesis                            ; Off                ; Off                ;
; Auto ROM Replacement                                             ; On                 ; On                 ;
; Auto RAM Replacement                                             ; On                 ; On                 ;
; Auto DSP Block Replacement                                       ; On                 ; On                 ;
; Auto Shift Register Replacement                                  ; Auto               ; Auto               ;
; Allow Shift Register Merging across Hierarchies                  ; Auto               ; Auto               ;
; Auto Clock Enable Replacement                                    ; On                 ; On                 ;
; Strict RAM Replacement                                           ; Off                ; Off                ;
; Allow Synchronous Control Signals                                ; On                 ; On                 ;
; Force Use of Synchronous Clear Signals                           ; Off                ; Off                ;
; Auto RAM Block Balancing                                         ; On                 ; On                 ;
; Auto RAM to Logic Cell Conversion                                ; Off                ; Off                ;
; Auto Resource Sharing                                            ; Off                ; Off                ;
; Allow Any RAM Size For Recognition                               ; Off                ; Off                ;
; Allow Any ROM Size For Recognition                               ; Off                ; Off                ;
; Allow Any Shift Register Size For Recognition                    ; Off                ; Off                ;
; Use LogicLock Constraints during Resource Balancing              ; On                 ; On                 ;
; Ignore translate_off and synthesis_off directives                ; Off                ; Off                ;
; Timing-Driven Synthesis                                          ; On                 ; On                 ;
; Report Parameter Settings                                        ; On                 ; On                 ;
; Report Source Assignments                                        ; On                 ; On                 ;
; Report Connectivity Checks                                       ; On                 ; On                 ;
; Ignore Maximum Fan-Out Assignments                               ; Off                ; Off                ;
; Synchronization Register Chain Length                            ; 2                  ; 2                  ;
; Power Optimization During Synthesis                              ; Normal compilation ; Normal compilation ;
; HDL message level                                                ; Level2             ; Level2             ;
; Suppress Register Optimization Related Messages                  ; Off                ; Off                ;
; Number of Removed Registers Reported in Synthesis Report         ; 5000               ; 5000               ;
; Number of Swept Nodes Reported in Synthesis Report               ; 5000               ; 5000               ;
; Number of Inverted Registers Reported in Synthesis Report        ; 100                ; 100                ;
; Clock MUX Protection                                             ; On                 ; On                 ;
; Auto Gated Clock Conversion                                      ; Off                ; Off                ;
; Block Design Naming                                              ; Auto               ; Auto               ;
; SDC constraint protection                                        ; Off                ; Off                ;
; Synthesis Effort                                                 ; Auto               ; Auto               ;
; Shift Register Replacement - Allow Asynchronous Clear Signal     ; On                 ; On                 ;
; Pre-Mapping Resynthesis Optimization                             ; Off                ; Off                ;
; Analysis & Synthesis Message Level                               ; Medium             ; Medium             ;
; Disable Register Merging Across Hierarchies                      ; Auto               ; Auto               ;
; Resource Aware Inference For Block RAM                           ; On                 ; On                 ;
+------------------------------------------------------------------+--------------------+--------------------+


+------------------------------------------+
; Parallel Compilation                     ;
+----------------------------+-------------+
; Processors                 ; Number      ;
+----------------------------+-------------+
; Number detected on machine ; 4           ;
; Maximum allowed            ; 4           ;
;                            ;             ;
; Average used               ; 1.00        ;
; Maximum used               ; 4           ;
;                            ;             ;
; Usage by Processor         ; % Time Used ;
;     Processor 1            ; 100.0%      ;
;     Processors 2-4         ;   0.0%      ;
+----------------------------+-------------+


+---------------------------------------------------------------------------------------------------------------------------------------+
; Analysis & Synthesis Source Files Read                                                                                                ;
+----------------------------------+-----------------+------------------------+-----------------------------------------------+---------+
; File Name with User-Entered Path ; Used in Netlist ; File Type              ; File Name with Absolute Path                  ; Library ;
+----------------------------------+-----------------+------------------------+-----------------------------------------------+---------+
; ../Test4.v                       ; yes             ; User Verilog HDL File  ; C:/LegUp-7.0/workspace/Test4/Hardware/Test4.v ;         ;
+----------------------------------+-----------------+------------------------+-----------------------------------------------+---------+


+-----------------------------------------------------+
; Analysis & Synthesis Resource Usage Summary         ;
+---------------------------------------------+-------+
; Resource                                    ; Usage ;
+---------------------------------------------+-------+
; Estimated Total logic elements              ; 56    ;
;                                             ;       ;
; Total combinational functions               ; 56    ;
; Logic element usage by number of LUT inputs ;       ;
;     -- 4 input functions                    ; 18    ;
;     -- 3 input functions                    ; 5     ;
;     -- <=2 input functions                  ; 33    ;
;                                             ;       ;
; Logic elements by mode                      ;       ;
;     -- normal mode                          ; 25    ;
;     -- arithmetic mode                      ; 31    ;
;                                             ;       ;
; Total registers                             ; 40    ;
;     -- Dedicated logic registers            ; 40    ;
;     -- I/O registers                        ; 0     ;
;                                             ;       ;
; Virtual pins                                ; 36    ;
; I/O pins                                    ; 0     ;
;                                             ;       ;
; Embedded Multiplier 9-bit elements          ; 0     ;
;                                             ;       ;
; Maximum fan-out node                        ; clk   ;
; Maximum fan-out                             ; 40    ;
; Total fan-out                               ; 297   ;
; Average fan-out                             ; 2.25  ;
+---------------------------------------------+-------+


+----------------------------------------------------------------------------------------------------------------------------------------------------------------------------------------------------------+
; Analysis & Synthesis Resource Utilization by Entity                                                                                                                                                      ;
+----------------------------+---------------------+---------------------------+-------------+--------------+---------+-----------+------+--------------+---------------------+-------------+--------------+
; Compilation Hierarchy Node ; Combinational ALUTs ; Dedicated Logic Registers ; Memory Bits ; DSP Elements ; DSP 9x9 ; DSP 18x18 ; Pins ; Virtual Pins ; Full Hierarchy Name ; Entity Name ; Library Name ;
+----------------------------+---------------------+---------------------------+-------------+--------------+---------+-----------+------+--------------+---------------------+-------------+--------------+
; |top                       ; 56 (0)              ; 40 (0)                    ; 0           ; 0            ; 0       ; 0         ; 0    ; 36           ; |top                ; top         ; work         ;
;    |main:main_inst|        ; 56 (56)             ; 40 (40)                   ; 0           ; 0            ; 0       ; 0         ; 0    ; 0            ; |top|main:main_inst ; main        ; work         ;
+----------------------------+---------------------+---------------------------+-------------+--------------+---------+-----------+------+--------------+---------------------+-------------+--------------+
Note: For table entries with two numbers listed, the numbers in parentheses indicate the number of resources of the given type used by the specific entity alone. The numbers listed outside of parentheses indicate the total resources of the given type used by the specific entity and all of its sub-entities in the hierarchy.


Encoding Type:  One-Hot
+--------------------------------------------------------------------------------------------------------------------------------------------------------+
; State Machine - |top|main:main_inst|cur_state                                                                                                          ;
+-----------------------------------------------+-------------------+-----------------------------------------------+------------------------------------+
; Name                                          ; cur_state.LEGUP_0 ; cur_state.LEGUP_F_main_BB_sobel_filter_exit_2 ; cur_state.LEGUP_pipeline_wait_lp_1 ;
+-----------------------------------------------+-------------------+-----------------------------------------------+------------------------------------+
; cur_state.LEGUP_0                             ; 0                 ; 0                                             ; 0                                  ;
; cur_state.LEGUP_pipeline_wait_lp_1            ; 1                 ; 0                                             ; 1                                  ;
; cur_state.LEGUP_F_main_BB_sobel_filter_exit_2 ; 1                 ; 1                                             ; 0                                  ;
+-----------------------------------------------+-------------------+-----------------------------------------------+------------------------------------+


+---------------------------------------------------------------------------------+
; Registers Removed During Synthesis                                              ;
+----------------------------------------+----------------------------------------+
; Register name                          ; Reason for Removal                     ;
+----------------------------------------+----------------------------------------+
; main:main_inst|lp_II_counter           ; Stuck at VCC due to stuck port data_in ;
; main:main_inst|return_val[0..31]       ; Stuck at GND due to stuck port data_in ;
; Total Number of Removed Registers = 33 ;                                        ;
+----------------------------------------+----------------------------------------+


+------------------------------------------------------+
; General Register Statistics                          ;
+----------------------------------------------+-------+
; Statistic                                    ; Value ;
+----------------------------------------------+-------+
; Total registers                              ; 40    ;
; Number of registers using Synchronous Clear  ; 32    ;
; Number of registers using Synchronous Load   ; 0     ;
; Number of registers using Asynchronous Clear ; 0     ;
; Number of registers using Asynchronous Load  ; 0     ;
; Number of registers using Clock Enable       ; 32    ;
; Number of registers using Preset             ; 0     ;
+----------------------------------------------+-------+


+--------------------------------------------------------------------------------------------------------------------------------------------------------------+
; Multiplexer Restructuring Statistics (Restructuring Performed)                                                                                               ;
+--------------------+-----------+---------------+----------------------+------------------------+------------+------------------------------------------------+
; Multiplexer Inputs ; Bus Width ; Baseline Area ; Area if Restructured ; Saving if Restructured ; Registered ; Example Multiplexer Output                     ;
+--------------------+-----------+---------------+----------------------+------------------------+------------+------------------------------------------------+
; 4:1                ; 32 bits   ; 64 LEs        ; 32 LEs               ; 32 LEs                 ; Yes        ; |top|main:main_inst|lp_inductionVar_stage0[25] ;
+--------------------+-----------+---------------+----------------------+------------------------+------------+------------------------------------------------+


+---------------------------------------------------------------+
; Parameter Settings for User Entity Instance: main:main_inst   ;
+-------------------------------------+-------+-----------------+
; Parameter Name                      ; Value ; Type            ;
+-------------------------------------+-------+-----------------+
; LEGUP_0                             ; 00    ; Unsigned Binary ;
; LEGUP_pipeline_wait_lp_1            ; 01    ; Unsigned Binary ;
; LEGUP_F_main_BB_sobel_filter_exit_2 ; 10    ; Unsigned Binary ;
+-------------------------------------+-------+-----------------+
Note: In order to hide this table in the UI and the text report file, please set the "Show Parameter Settings in Synthesis Report" option in "Analysis and Synthesis Settings -> More Settings" to "Off".


+-----------------------------------------------------+
; Post-Synthesis Netlist Statistics for Top Partition ;
+-----------------------+-----------------------------+
; Type                  ; Count                       ;
+-----------------------+-----------------------------+
; boundary_port         ; 36                          ;
; cycloneiii_ff         ; 40                          ;
;     ENA SCLR          ; 32                          ;
;     plain             ; 8                           ;
; cycloneiii_lcell_comb ; 57                          ;
;     arith             ; 31                          ;
;         2 data inputs ; 31                          ;
;     normal            ; 26                          ;
;         0 data inputs ; 1                           ;
;         1 data inputs ; 1                           ;
;         2 data inputs ; 1                           ;
;         3 data inputs ; 5                           ;
;         4 data inputs ; 18                          ;
;                       ;                             ;
; Max LUT depth         ; 4.10                        ;
; Average LUT depth     ; 3.26                        ;
+-----------------------+-----------------------------+


+-------------------------------+
; Elapsed Time Per Partition    ;
+----------------+--------------+
; Partition Name ; Elapsed Time ;
+----------------+--------------+
; Top            ; 00:00:00     ;
+----------------+--------------+


+-------------------------------+
; Analysis & Synthesis Messages ;
+-------------------------------+
Info: *******************************************************************
Info: Running Quartus Prime Analysis & Synthesis
    Info: Version 18.1.0 Build 625 09/12/2018 SJ Lite Edition
    Info: Processing started: Mon May 06 09:29:48 2019
Info: Command: quartus_map --read_settings_files=on --write_settings_files=off top -c top
Warning (18236): Number of processors has not been specified which may cause overloading on shared machines.  Set the global assignment NUM_PARALLEL_PROCESSORS in your QSF to an appropriate value for best performance.
Info (20030): Parallel compilation is enabled and will use 4 of the 4 processors detected
Info (12021): Found 4 design units, including 4 entities, in source file /legup-7.0/workspace/test4/hardware/test4.v
    Info (12023): Found entity 1: top File: C:/LegUp-7.0/workspace/Test4/Hardware/Test4.v Line: 14
    Info (12023): Found entity 2: main File: C:/LegUp-7.0/workspace/Test4/Hardware/Test4.v Line: 81
    Info (12023): Found entity 3: ram_dual_port File: C:/LegUp-7.0/workspace/Test4/Hardware/Test4.v Line: 256
    Info (12023): Found entity 4: main_tb File: C:/LegUp-7.0/workspace/Test4/Hardware/Test4.v Line: 360
Info (12127): Elaborating entity "top" for the top level hierarchy
Warning (10036): Verilog HDL or VHDL warning at Test4.v(33): object "main_inst_finish_reg" assigned a value but never read File: C:/LegUp-7.0/workspace/Test4/Hardware/Test4.v Line: 33
Warning (10036): Verilog HDL or VHDL warning at Test4.v(34): object "main_inst_return_val_reg" assigned a value but never read File: C:/LegUp-7.0/workspace/Test4/Hardware/Test4.v Line: 34
Info (12128): Elaborating entity "main" for hierarchy "main:main_inst" File: C:/LegUp-7.0/workspace/Test4/Hardware/Test4.v Line: 43
Warning (13024): Output pins are stuck at VCC or GND
    Warning (13410): Pin "return_val[0]" is stuck at GND File: C:/LegUp-7.0/workspace/Test4/Hardware/Test4.v Line: 27
    Warning (13410): Pin "return_val[1]" is stuck at GND File: C:/LegUp-7.0/workspace/Test4/Hardware/Test4.v Line: 27
    Warning (13410): Pin "return_val[2]" is stuck at GND File: C:/LegUp-7.0/workspace/Test4/Hardware/Test4.v Line: 27
    Warning (13410): Pin "return_val[3]" is stuck at GND File: C:/LegUp-7.0/workspace/Test4/Hardware/Test4.v Line: 27
    Warning (13410): Pin "return_val[4]" is stuck at GND File: C:/LegUp-7.0/workspace/Test4/Hardware/Test4.v Line: 27
    Warning (13410): Pin "return_val[5]" is stuck at GND File: C:/LegUp-7.0/workspace/Test4/Hardware/Test4.v Line: 27
    Warning (13410): Pin "return_val[6]" is stuck at GND File: C:/LegUp-7.0/workspace/Test4/Hardware/Test4.v Line: 27
    Warning (13410): Pin "return_val[7]" is stuck at GND File: C:/LegUp-7.0/workspace/Test4/Hardware/Test4.v Line: 27
    Warning (13410): Pin "return_val[8]" is stuck at GND File: C:/LegUp-7.0/workspace/Test4/Hardware/Test4.v Line: 27
    Warning (13410): Pin "return_val[9]" is stuck at GND File: C:/LegUp-7.0/workspace/Test4/Hardware/Test4.v Line: 27
    Warning (13410): Pin "return_val[10]" is stuck at GND File: C:/LegUp-7.0/workspace/Test4/Hardware/Test4.v Line: 27
    Warning (13410): Pin "return_val[11]" is stuck at GND File: C:/LegUp-7.0/workspace/Test4/Hardware/Test4.v Line: 27
    Warning (13410): Pin "return_val[12]" is stuck at GND File: C:/LegUp-7.0/workspace/Test4/Hardware/Test4.v Line: 27
    Warning (13410): Pin "return_val[13]" is stuck at GND File: C:/LegUp-7.0/workspace/Test4/Hardware/Test4.v Line: 27
    Warning (13410): Pin "return_val[14]" is stuck at GND File: C:/LegUp-7.0/workspace/Test4/Hardware/Test4.v Line: 27
    Warning (13410): Pin "return_val[15]" is stuck at GND File: C:/LegUp-7.0/workspace/Test4/Hardware/Test4.v Line: 27
    Warning (13410): Pin "return_val[16]" is stuck at GND File: C:/LegUp-7.0/workspace/Test4/Hardware/Test4.v Line: 27
    Warning (13410): Pin "return_val[17]" is stuck at GND File: C:/LegUp-7.0/workspace/Test4/Hardware/Test4.v Line: 27
    Warning (13410): Pin "return_val[18]" is stuck at GND File: C:/LegUp-7.0/workspace/Test4/Hardware/Test4.v Line: 27
    Warning (13410): Pin "return_val[19]" is stuck at GND File: C:/LegUp-7.0/workspace/Test4/Hardware/Test4.v Line: 27
    Warning (13410): Pin "return_val[20]" is stuck at GND File: C:/LegUp-7.0/workspace/Test4/Hardware/Test4.v Line: 27
    Warning (13410): Pin "return_val[21]" is stuck at GND File: C:/LegUp-7.0/workspace/Test4/Hardware/Test4.v Line: 27
    Warning (13410): Pin "return_val[22]" is stuck at GND File: C:/LegUp-7.0/workspace/Test4/Hardware/Test4.v Line: 27
    Warning (13410): Pin "return_val[23]" is stuck at GND File: C:/LegUp-7.0/workspace/Test4/Hardware/Test4.v Line: 27
    Warning (13410): Pin "return_val[24]" is stuck at GND File: C:/LegUp-7.0/workspace/Test4/Hardware/Test4.v Line: 27
    Warning (13410): Pin "return_val[25]" is stuck at GND File: C:/LegUp-7.0/workspace/Test4/Hardware/Test4.v Line: 27
    Warning (13410): Pin "return_val[26]" is stuck at GND File: C:/LegUp-7.0/workspace/Test4/Hardware/Test4.v Line: 27
    Warning (13410): Pin "return_val[27]" is stuck at GND File: C:/LegUp-7.0/workspace/Test4/Hardware/Test4.v Line: 27
    Warning (13410): Pin "return_val[28]" is stuck at GND File: C:/LegUp-7.0/workspace/Test4/Hardware/Test4.v Line: 27
    Warning (13410): Pin "return_val[29]" is stuck at GND File: C:/LegUp-7.0/workspace/Test4/Hardware/Test4.v Line: 27
    Warning (13410): Pin "return_val[30]" is stuck at GND File: C:/LegUp-7.0/workspace/Test4/Hardware/Test4.v Line: 27
    Warning (13410): Pin "return_val[31]" is stuck at GND File: C:/LegUp-7.0/workspace/Test4/Hardware/Test4.v Line: 27
Info (286030): Timing-Driven Synthesis is running
Info (16010): Generating hard_block partition "hard_block:auto_generated_inst"
    Info (16011): Adding 0 node(s), including 0 DDIO, 0 PLL, 0 transceiver and 0 LCELL
Critical Warning (15725): clock port is fed by virtual pin "clk~input"; timing analysis treats input to the clock port as a ripple clock
Info (15717): Design contains 36 virtual pins; timing numbers associated with paths containing virtual pins are estimates
    Info (15719): Pin "finish" is virtual output pin File: C:/LegUp-7.0/workspace/Test4/Hardware/Test4.v Line: 26
    Info (15719): Pin "return_val[0]" is virtual output pin File: C:/LegUp-7.0/workspace/Test4/Hardware/Test4.v Line: 27
    Info (15719): Pin "return_val[1]" is virtual output pin File: C:/LegUp-7.0/workspace/Test4/Hardware/Test4.v Line: 27
    Info (15719): Pin "return_val[2]" is virtual output pin File: C:/LegUp-7.0/workspace/Test4/Hardware/Test4.v Line: 27
    Info (15719): Pin "return_val[3]" is virtual output pin File: C:/LegUp-7.0/workspace/Test4/Hardware/Test4.v Line: 27
    Info (15719): Pin "return_val[4]" is virtual output pin File: C:/LegUp-7.0/workspace/Test4/Hardware/Test4.v Line: 27
    Info (15719): Pin "return_val[5]" is virtual output pin File: C:/LegUp-7.0/workspace/Test4/Hardware/Test4.v Line: 27
    Info (15719): Pin "return_val[6]" is virtual output pin File: C:/LegUp-7.0/workspace/Test4/Hardware/Test4.v Line: 27
    Info (15719): Pin "return_val[7]" is virtual output pin File: C:/LegUp-7.0/workspace/Test4/Hardware/Test4.v Line: 27
    Info (15719): Pin "return_val[8]" is virtual output pin File: C:/LegUp-7.0/workspace/Test4/Hardware/Test4.v Line: 27
    Info (15719): Pin "return_val[9]" is virtual output pin File: C:/LegUp-7.0/workspace/Test4/Hardware/Test4.v Line: 27
    Info (15719): Pin "return_val[10]" is virtual output pin File: C:/LegUp-7.0/workspace/Test4/Hardware/Test4.v Line: 27
    Info (15719): Pin "return_val[11]" is virtual output pin File: C:/LegUp-7.0/workspace/Test4/Hardware/Test4.v Line: 27
    Info (15719): Pin "return_val[12]" is virtual output pin File: C:/LegUp-7.0/workspace/Test4/Hardware/Test4.v Line: 27
    Info (15719): Pin "return_val[13]" is virtual output pin File: C:/LegUp-7.0/workspace/Test4/Hardware/Test4.v Line: 27
    Info (15719): Pin "return_val[14]" is virtual output pin File: C:/LegUp-7.0/workspace/Test4/Hardware/Test4.v Line: 27
    Info (15719): Pin "return_val[15]" is virtual output pin File: C:/LegUp-7.0/workspace/Test4/Hardware/Test4.v Line: 27
    Info (15719): Pin "return_val[16]" is virtual output pin File: C:/LegUp-7.0/workspace/Test4/Hardware/Test4.v Line: 27
    Info (15719): Pin "return_val[17]" is virtual output pin File: C:/LegUp-7.0/workspace/Test4/Hardware/Test4.v Line: 27
    Info (15719): Pin "return_val[18]" is virtual output pin File: C:/LegUp-7.0/workspace/Test4/Hardware/Test4.v Line: 27
    Info (15719): Pin "return_val[19]" is virtual output pin File: C:/LegUp-7.0/workspace/Test4/Hardware/Test4.v Line: 27
    Info (15719): Pin "return_val[20]" is virtual output pin File: C:/LegUp-7.0/workspace/Test4/Hardware/Test4.v Line: 27
    Info (15719): Pin "return_val[21]" is virtual output pin File: C:/LegUp-7.0/workspace/Test4/Hardware/Test4.v Line: 27
    Info (15719): Pin "return_val[22]" is virtual output pin File: C:/LegUp-7.0/workspace/Test4/Hardware/Test4.v Line: 27
    Info (15719): Pin "return_val[23]" is virtual output pin File: C:/LegUp-7.0/workspace/Test4/Hardware/Test4.v Line: 27
    Info (15719): Pin "return_val[24]" is virtual output pin File: C:/LegUp-7.0/workspace/Test4/Hardware/Test4.v Line: 27
    Info (15719): Pin "return_val[25]" is virtual output pin File: C:/LegUp-7.0/workspace/Test4/Hardware/Test4.v Line: 27
    Info (15719): Pin "return_val[26]" is virtual output pin File: C:/LegUp-7.0/workspace/Test4/Hardware/Test4.v Line: 27
    Info (15719): Pin "return_val[27]" is virtual output pin File: C:/LegUp-7.0/workspace/Test4/Hardware/Test4.v Line: 27
    Info (15719): Pin "return_val[28]" is virtual output pin File: C:/LegUp-7.0/workspace/Test4/Hardware/Test4.v Line: 27
    Info (15719): Pin "return_val[29]" is virtual output pin File: C:/LegUp-7.0/workspace/Test4/Hardware/Test4.v Line: 27
    Info (15719): Pin "return_val[30]" is virtual output pin File: C:/LegUp-7.0/workspace/Test4/Hardware/Test4.v Line: 27
    Info (15719): Pin "return_val[31]" is virtual output pin File: C:/LegUp-7.0/workspace/Test4/Hardware/Test4.v Line: 27
    Info (15718): Pin "clk" is virtual input pin File: C:/LegUp-7.0/workspace/Test4/Hardware/Test4.v Line: 23
    Info (15718): Pin "reset" is virtual input pin File: C:/LegUp-7.0/workspace/Test4/Hardware/Test4.v Line: 24
    Info (15718): Pin "start" is virtual input pin File: C:/LegUp-7.0/workspace/Test4/Hardware/Test4.v Line: 25
Warning (15752): Ignored 96 Virtual Pin logic option assignments
    Warning (15720): Ignored Virtual Pin assignment to node "main:main_inst|lp_inductionVar_stage0[0]"
    Warning (15720): Ignored Virtual Pin assignment to node "main:main_inst|lp_inductionVar_stage0[1]"
    Warning (15720): Ignored Virtual Pin assignment to node "main:main_inst|lp_inductionVar_stage0[2]"
    Warning (15720): Ignored Virtual Pin assignment to node "main:main_inst|lp_inductionVar_stage0[3]"
    Warning (15720): Ignored Virtual Pin assignment to node "main:main_inst|lp_inductionVar_stage0[4]"
    Warning (15720): Ignored Virtual Pin assignment to node "main:main_inst|lp_inductionVar_stage0[6]"
    Warning (15720): Ignored Virtual Pin assignment to node "main:main_inst|lp_inductionVar_stage0[5]"
    Warning (15720): Ignored Virtual Pin assignment to node "main:main_inst|lp_inductionVar_stage0[8]"
    Warning (15720): Ignored Virtual Pin assignment to node "main:main_inst|lp_inductionVar_stage0[7]"
    Warning (15720): Ignored Virtual Pin assignment to node "main:main_inst|lp_inductionVar_stage0[9]"
    Warning (15720): Ignored Virtual Pin assignment to node "main:main_inst|lp_inductionVar_stage0[10]"
    Warning (15720): Ignored Virtual Pin assignment to node "main:main_inst|lp_inductionVar_stage0[11]"
    Warning (15720): Ignored Virtual Pin assignment to node "main:main_inst|lp_inductionVar_stage0[12]"
    Warning (15720): Ignored Virtual Pin assignment to node "main:main_inst|lp_inductionVar_stage0[13]"
    Warning (15720): Ignored Virtual Pin assignment to node "main:main_inst|lp_inductionVar_stage0[14]"
    Warning (15720): Ignored Virtual Pin assignment to node "main:main_inst|lp_inductionVar_stage0[15]"
    Warning (15720): Ignored Virtual Pin assignment to node "main:main_inst|lp_inductionVar_stage0[16]"
    Warning (15720): Ignored Virtual Pin assignment to node "main:main_inst|lp_inductionVar_stage0[17]"
    Warning (15720): Ignored Virtual Pin assignment to node "main:main_inst|lp_inductionVar_stage0[18]"
    Warning (15720): Ignored Virtual Pin assignment to node "main:main_inst|lp_inductionVar_stage0[19]"
    Warning (15720): Ignored Virtual Pin assignment to node "main:main_inst|lp_inductionVar_stage0[20]"
    Warning (15720): Ignored Virtual Pin assignment to node "main:main_inst|lp_inductionVar_stage0[21]"
    Warning (15720): Ignored Virtual Pin assignment to node "main:main_inst|lp_inductionVar_stage0[22]"
    Warning (15720): Ignored Virtual Pin assignment to node "main:main_inst|lp_inductionVar_stage0[23]"
    Warning (15720): Ignored Virtual Pin assignment to node "main:main_inst|lp_inductionVar_stage0[24]"
    Warning (15720): Ignored Virtual Pin assignment to node "main:main_inst|lp_inductionVar_stage0[25]"
    Warning (15720): Ignored Virtual Pin assignment to node "main:main_inst|lp_inductionVar_stage0[26]"
    Warning (15720): Ignored Virtual Pin assignment to node "main:main_inst|lp_inductionVar_stage0[27]"
    Warning (15720): Ignored Virtual Pin assignment to node "main:main_inst|lp_inductionVar_stage0[28]"
    Warning (15720): Ignored Virtual Pin assignment to node "main:main_inst|lp_inductionVar_stage0[29]"
    Warning (15720): Ignored Virtual Pin assignment to node "main:main_inst|lp_inductionVar_stage0[30]"
    Warning (15720): Ignored Virtual Pin assignment to node "main:main_inst|lp_inductionVar_stage0[31]"
    Warning (15720): Ignored Virtual Pin assignment to node "main:main_inst|lp_inductionVar_stage0[0]~32"
    Warning (15720): Ignored Virtual Pin assignment to node "main:main_inst|lp_inductionVar_stage0[1]~35"
    Warning (15720): Ignored Virtual Pin assignment to node "main:main_inst|lp_inductionVar_stage0[2]~37"
    Warning (15720): Ignored Virtual Pin assignment to node "main:main_inst|lp_inductionVar_stage0[3]~39"
    Warning (15720): Ignored Virtual Pin assignment to node "main:main_inst|lp_inductionVar_stage0[4]~41"
    Warning (15720): Ignored Virtual Pin assignment to node "main:main_inst|lp_inductionVar_stage0[5]~43"
    Warning (15720): Ignored Virtual Pin assignment to node "main:main_inst|lp_inductionVar_stage0[6]~45"
    Warning (15720): Ignored Virtual Pin assignment to node "main:main_inst|lp_inductionVar_stage0[7]~47"
    Warning (15720): Ignored Virtual Pin assignment to node "main:main_inst|lp_inductionVar_stage0[8]~49"
    Warning (15720): Ignored Virtual Pin assignment to node "main:main_inst|lp_inductionVar_stage0[9]~51"
    Warning (15720): Ignored Virtual Pin assignment to node "main:main_inst|lp_inductionVar_stage0[10]~53"
    Warning (15720): Ignored Virtual Pin assignment to node "main:main_inst|lp_inductionVar_stage0[11]~55"
    Warning (15720): Ignored Virtual Pin assignment to node "main:main_inst|lp_inductionVar_stage0[12]~57"
    Warning (15720): Ignored Virtual Pin assignment to node "main:main_inst|lp_inductionVar_stage0[13]~59"
    Warning (15720): Ignored Virtual Pin assignment to node "main:main_inst|lp_inductionVar_stage0[14]~61"
    Warning (15720): Ignored Virtual Pin assignment to node "main:main_inst|lp_inductionVar_stage0[15]~63"
    Warning (15720): Ignored Virtual Pin assignment to node "main:main_inst|lp_inductionVar_stage0[16]~65"
    Warning (15720): Ignored Virtual Pin assignment to node "main:main_inst|lp_inductionVar_stage0[17]~67"
    Warning (15720): Ignored Virtual Pin assignment to node "main:main_inst|lp_inductionVar_stage0[18]~69"
    Warning (15720): Ignored Virtual Pin assignment to node "main:main_inst|lp_inductionVar_stage0[19]~71"
    Warning (15720): Ignored Virtual Pin assignment to node "main:main_inst|lp_inductionVar_stage0[20]~73"
    Warning (15720): Ignored Virtual Pin assignment to node "main:main_inst|lp_inductionVar_stage0[21]~75"
    Warning (15720): Ignored Virtual Pin assignment to node "main:main_inst|lp_inductionVar_stage0[22]~77"
    Warning (15720): Ignored Virtual Pin assignment to node "main:main_inst|lp_inductionVar_stage0[23]~79"
    Warning (15720): Ignored Virtual Pin assignment to node "main:main_inst|lp_inductionVar_stage0[24]~81"
    Warning (15720): Ignored Virtual Pin assignment to node "main:main_inst|lp_inductionVar_stage0[25]~83"
    Warning (15720): Ignored Virtual Pin assignment to node "main:main_inst|lp_inductionVar_stage0[26]~85"
    Warning (15720): Ignored Virtual Pin assignment to node "main:main_inst|lp_inductionVar_stage0[27]~87"
    Warning (15720): Ignored Virtual Pin assignment to node "main:main_inst|lp_inductionVar_stage0[28]~89"
    Warning (15720): Ignored Virtual Pin assignment to node "main:main_inst|lp_inductionVar_stage0[29]~91"
    Warning (15720): Ignored Virtual Pin assignment to node "main:main_inst|lp_inductionVar_stage0[30]~93"
    Warning (15720): Ignored Virtual Pin assignment to node "main:main_inst|lp_inductionVar_stage0[31]~95"
    Warning (15720): Ignored Virtual Pin assignment to node "main:main_inst|finish"
    Warning (15720): Ignored Virtual Pin assignment to node "main:main_inst|cur_state.LEGUP_F_main_BB_sobel_filter_exit_2"
    Warning (15720): Ignored Virtual Pin assignment to node "main:main_inst|cur_state.LEGUP_0"
    Warning (15720): Ignored Virtual Pin assignment to node "main:main_inst|finish~0"
    Warning (15720): Ignored Virtual Pin assignment to node "main:main_inst|cur_state.LEGUP_pipeline_wait_lp_1"
    Warning (15720): Ignored Virtual Pin assignment to node "main:main_inst|lp_epilogue"
    Warning (15720): Ignored Virtual Pin assignment to node "main:main_inst|lp_valid_bit_0"
    Warning (15720): Ignored Virtual Pin assignment to node "main:main_inst|lp_pipeline_finish~0"
    Warning (15720): Ignored Virtual Pin assignment to node "main:main_inst|lp_pipeline_finish_reg"
    Warning (15720): Ignored Virtual Pin assignment to node "main:main_inst|cur_state~5"
    Warning (15720): Ignored Virtual Pin assignment to node "main:main_inst|cur_state~6"
    Warning (15720): Ignored Virtual Pin assignment to node "main:main_inst|cur_state~7"
    Warning (15720): Ignored Virtual Pin assignment to node "main:main_inst|cur_state~8"
    Warning (15720): Ignored Virtual Pin assignment to node "main:main_inst|lp_start~0"
    Warning (15720): Ignored Virtual Pin assignment to node "main:main_inst|lp_start~1"
    Warning (15720): Ignored Virtual Pin assignment to node "main:main_inst|lp_start~2"
    Warning (15720): Ignored Virtual Pin assignment to node "main:main_inst|lp_start~3"
    Warning (15720): Ignored Virtual Pin assignment to node "main:main_inst|lp_start~4"
    Warning (15720): Ignored Virtual Pin assignment to node "main:main_inst|lp_start~5"
    Warning (15720): Ignored Virtual Pin assignment to node "main:main_inst|lp_start~6"
    Warning (15720): Ignored Virtual Pin assignment to node "main:main_inst|lp_start~7"
    Warning (15720): Ignored Virtual Pin assignment to node "main:main_inst|lp_start~8"
    Warning (15720): Ignored Virtual Pin assignment to node "main:main_inst|lp_start~9"
    Warning (15720): Ignored Virtual Pin assignment to node "main:main_inst|lp_start~10"
    Warning (15720): Ignored Virtual Pin assignment to node "main:main_inst|lp_active"
    Warning (15720): Ignored Virtual Pin assignment to node "main:main_inst|lp_activate_pipeline"
    Warning (15720): Ignored Virtual Pin assignment to node "main:main_inst|lp_valid_bit_0~0"
    Warning (15720): Ignored Virtual Pin assignment to node "main:main_inst|lp_valid_bit_0~1"
    Warning (15720): Ignored Virtual Pin assignment to node "main:main_inst|lp_pipeline_finish_reg~0"
    Warning (15720): Ignored Virtual Pin assignment to node "main:main_inst|lp_inductionVar_stage0[25]~34"
    Warning (15720): Ignored Virtual Pin assignment to node "main:main_inst|lp_active~0"
    Warning (15720): Ignored Virtual Pin assignment to node "main:main_inst|lp_epilogue~2"
Info (21057): Implemented 92 device resources after synthesis - the final resource count might be different
    Info (21058): Implemented 0 input pins
    Info (21059): Implemented 0 output pins
    Info (21061): Implemented 92 logic cells
Info: Quartus Prime Analysis & Synthesis was successful. 0 errors, 134 warnings
    Info: Peak virtual memory: 4777 megabytes
    Info: Processing ended: Mon May 06 09:30:04 2019
    Info: Elapsed time: 00:00:16
    Info: Total CPU time (on all processors): 00:00:30


